c:\users\vet_v\onedrive\рабочий стол\лабы\практика\database\csv_lib\x64\debug\vc142.pdb
c:\users\vet_v\onedrive\рабочий стол\лабы\практика\database\csv_lib\x64\debug\vc142.idb
c:\users\vet_v\onedrive\рабочий стол\лабы\практика\database\csv_lib\x64\debug\database.obj
c:\users\vet_v\onedrive\рабочий стол\лабы\практика\database\csv_lib\x64\debug\csv.obj
c:\users\vet_v\onedrive\рабочий стол\лабы\практика\database\csv_lib\x64\debug\csv_lib.pdb
c:\users\vet_v\onedrive\рабочий стол\лабы\практика\database\csv_lib\x64\debug\csv_lib.idb
c:\users\vet_v\onedrive\рабочий стол\лабы\практика\database\csv_lib\x64\debug\time.obj
c:\users\vet_v\onedrive\рабочий стол\лабы\практика\database\csv_lib\x64\debug\parse.obj
c:\users\vet_v\onedrive\рабочий стол\лабы\практика\database\x64\debug\csv_lib.lib
c:\users\vet_v\onedrive\рабочий стол\лабы\практика\database\x64\debug\csv_lib.dll
c:\users\vet_v\onedrive\рабочий стол\лабы\практика\database\x64\debug\csv_lib.ilk
c:\users\vet_v\onedrive\рабочий стол\лабы\практика\database\x64\debug\csv_lib.pdb
c:\users\vet_v\onedrive\рабочий стол\лабы\практика\database\csv_lib\x64\debug\csv_lib.tlog\cl.command.1.tlog
c:\users\vet_v\onedrive\рабочий стол\лабы\практика\database\csv_lib\x64\debug\csv_lib.tlog\cl.read.1.tlog
c:\users\vet_v\onedrive\рабочий стол\лабы\практика\database\csv_lib\x64\debug\csv_lib.tlog\cl.write.1.tlog
c:\users\vet_v\onedrive\рабочий стол\лабы\практика\database\csv_lib\x64\debug\csv_lib.tlog\csv_lib.write.1u.tlog
c:\users\vet_v\onedrive\рабочий стол\лабы\практика\database\csv_lib\x64\debug\csv_lib.tlog\lib-link.read.1.tlog
c:\users\vet_v\onedrive\рабочий стол\лабы\практика\database\csv_lib\x64\debug\csv_lib.tlog\lib-link.write.1.tlog
c:\users\vet_v\onedrive\рабочий стол\лабы\практика\database\csv_lib\x64\debug\csv_lib.tlog\lib.command.1.tlog
c:\users\vet_v\onedrive\рабочий стол\лабы\практика\database\csv_lib\x64\debug\csv_lib.tlog\link.16464.delete.1.tlog
c:\users\vet_v\onedrive\рабочий стол\лабы\практика\database\csv_lib\x64\debug\csv_lib.tlog\link.20340.delete.1.tlog
c:\users\vet_v\onedrive\рабочий стол\лабы\практика\database\csv_lib\x64\debug\csv_lib.tlog\link.20724.delete.1.tlog
c:\users\vet_v\onedrive\рабочий стол\лабы\практика\database\csv_lib\x64\debug\csv_lib.tlog\link.23804.delete.1.tlog
c:\users\vet_v\onedrive\рабочий стол\лабы\практика\database\csv_lib\x64\debug\csv_lib.tlog\link.6384.delete.1.tlog
c:\users\vet_v\onedrive\рабочий стол\лабы\практика\database\csv_lib\x64\debug\csv_lib.tlog\link.command.1.tlog
c:\users\vet_v\onedrive\рабочий стол\лабы\практика\database\csv_lib\x64\debug\csv_lib.tlog\link.delete.1.tlog
c:\users\vet_v\onedrive\рабочий стол\лабы\практика\database\csv_lib\x64\debug\csv_lib.tlog\link.read.1.tlog
c:\users\vet_v\onedrive\рабочий стол\лабы\практика\database\csv_lib\x64\debug\csv_lib.tlog\link.write.1.tlog
